<?xml version="1.0" encoding="UTF-8"?>
<!-- Generated by org.testng.reporters.JUnitReportReporter -->
<testsuite hostname="Soman-PC" failures="0" tests="1" name="com.MobileAssist.TestCases.TC_DataDriven_02" time="0.000" errors="0" timestamp="10 Jun 2020 17:26:32 GMT" skipped="1">
  <testcase classname="com.MobileAssist.TestCases.TC_DataDriven_02" name="Testing" time="0.000">
    <skipped/>
  </testcase> <!-- Testing -->
</testsuite> <!-- com.MobileAssist.TestCases.TC_DataDriven_02 -->
