<?xml version="1.0" encoding="UTF-8"?>
<!-- Generated by org.testng.reporters.JUnitReportReporter -->
<testsuite hostname="Soman-PC" failures="0" tests="1" name="com.testcases.Test2" time="10.099" errors="0" timestamp="18 May 2020 13:59:13 GMT" skipped="0">
  <testcase classname="com.testcases.Test2" name="testng" time="10.099"/>
</testsuite> <!-- com.testcases.Test2 -->
