<?xml version="1.0" encoding="UTF-8"?>
<!-- Generated by org.testng.reporters.JUnitReportReporter -->
<testsuite hostname="Soman-PC" failures="0" tests="1" name="com.testcases.test" time="6.473" errors="0" timestamp="21 May 2020 13:44:21 GMT" skipped="0">
  <testcase classname="com.testcases.test" name="exp" time="6.473"/>
</testsuite> <!-- com.testcases.test -->
