<?xml version="1.0" encoding="UTF-8"?>
<!-- Generated by org.testng.reporters.JUnitReportReporter -->
<testsuite hostname="Soman-PC" failures="0" tests="1" name="com.testcases.AlertExmp" time="11.531" errors="0" timestamp="18 May 2020 17:31:27 GMT" skipped="0">
  <testcase classname="com.testcases.AlertExmp" name="test" time="11.531"/>
</testsuite> <!-- com.testcases.AlertExmp -->
