<?xml version="1.0" encoding="UTF-8"?>
<!-- Generated by org.testng.reporters.JUnitReportReporter -->
<testsuite hostname="Soman-PC" failures="0" tests="1" name="com.MobileAssist.TestCases.TC_LoginTest_01" time="0.778" errors="0" timestamp="12 Jun 2020 13:59:48 GMT" skipped="0">
  <testcase classname="com.MobileAssist.TestCases.TC_LoginTest_01" name="logintest" time="0.778"/>
</testsuite> <!-- com.MobileAssist.TestCases.TC_LoginTest_01 -->
